<?xml version="1.0" encoding="UTF-8"?>
<!-- Generated by org.testng.reporters.JUnitXMLReporter -->
<testsuite hostname="DESKTOP-280B4F5" ignored="0" name="ChromeTest" tests="3" failures="3" timestamp="06 Aug 2020 04:00:38 GMT" time="98.338" errors="0">
  <testcase name="ValidLoginLogout" time="13.932" classname="Com_ActiTime_Test.ValidLoginLogoutTest">
    <failure type="java.lang.AssertionError" message="null">
      <![CDATA[java.lang.AssertionError: null
at Com_ActiTime_Generic.BasePage.verifyTitle(BasePage.java:30)
at Com_ActiTime_Test.ValidLoginLogoutTest.ValidLoginLogout(ValidLoginLogoutTest.java:31)
at java.util.concurrent.FutureTask.run(Unknown Source)
at java.util.concurrent.ThreadPoolExecutor.runWorker(Unknown Source)
at java.util.concurrent.ThreadPoolExecutor$Worker.run(Unknown Source)
at java.lang.Thread.run(Unknown Source)
... Removed 18 stack frames]]>
    </failure>
  </testcase> <!-- ValidLoginLogout -->
  <testcase name="InvalidLogin" time="22.377" classname="Com_ActiTime_Test.InvalidLoginTest">
    <failure type="java.lang.AssertionError" message="null">
      <![CDATA[java.lang.AssertionError: null
at Com_ActiTime_Generic.BasePage.verifyElement(BasePage.java:44)
at Com_ActiTime_Page.actiTIMELoginPage.errorMessage(actiTIMELoginPage.java:55)
at Com_ActiTime_Test.InvalidLoginTest.InvalidLogin(InvalidLoginTest.java:34)
at java.util.concurrent.FutureTask.run(Unknown Source)
at java.util.concurrent.ThreadPoolExecutor.runWorker(Unknown Source)
at java.util.concurrent.ThreadPoolExecutor$Worker.run(Unknown Source)
at java.lang.Thread.run(Unknown Source)
... Removed 18 stack frames]]>
    </failure>
  </testcase> <!-- InvalidLogin -->
  <testcase name="Verifyversion" time="0.579" classname="Com_ActiTime_Test.VerifyversionTest">
    <failure type="java.lang.AssertionError" message="The following asserts failed:
	expected [actiTIME 2020 ] but found [actiTIME 2020 Online]">
      <![CDATA[java.lang.AssertionError: The following asserts failed:
expected [actiTIME 2020 ] but found [actiTIME 2020 Online]
at Com_ActiTime_Test.VerifyversionTest.Verifyversion(VerifyversionTest.java:26)
at java.util.concurrent.FutureTask.run(Unknown Source)
at java.util.concurrent.ThreadPoolExecutor.runWorker(Unknown Source)
at java.util.concurrent.ThreadPoolExecutor$Worker.run(Unknown Source)
at java.lang.Thread.run(Unknown Source)
... Removed 17 stack frames]]>
    </failure>
  </testcase> <!-- Verifyversion -->
</testsuite> <!-- ChromeTest -->
