<html>
<head>
<title>TestNG:  FirefoxTest</title>
<link href="../testng.css" rel="stylesheet" type="text/css" />
<link href="../my-testng.css" rel="stylesheet" type="text/css" />

<style type="text/css">
.log { display: none;} 
.stack-trace { display: none;} 
</style>
<script type="text/javascript">
<!--
function flip(e) {
  current = e.style.display;
  if (current == 'block') {
    e.style.display = 'none';
    return 0;
  }
  else {
    e.style.display = 'block';
    return 1;
  }
}

function toggleBox(szDivId, elem, msg1, msg2)
{
  var res = -1;  if (document.getElementById) {
    res = flip(document.getElementById(szDivId));
  }
  else if (document.all) {
    // this is the way old msie versions work
    res = flip(document.all[szDivId]);
  }
  if(elem) {
    if(res == 0) elem.innerHTML = msg1; else elem.innerHTML = msg2;
  }

}

function toggleAllBoxes() {
  if (document.getElementsByTagName) {
    d = document.getElementsByTagName('div');
    for (i = 0; i < d.length; i++) {
      if (d[i].className == 'log') {
        flip(d[i]);
      }
    }
  }
}

// -->
</script>

</head>
<body>
<h2 align='center'>FirefoxTest</h2><table border='1' align="center">
<tr>
<td>Tests passed/Failed/Skipped:</td><td>0/3/0</td>
</tr><tr>
<td>Started on:</td><td>Thu Aug 06 09:28:59 IST 2020</td>
</tr>
<tr><td>Total time:</td><td>112 seconds (112764 ms)</td>
</tr><tr>
<td>Included groups:</td><td></td>
</tr><tr>
<td>Excluded groups:</td><td></td>
</tr>
</table><p/>
<small><i>(Hover the method name to see the test class name)</i></small><p/>
<table width='100%' border='1' class='invocation-failed'>
<tr><td colspan='4' align='center'><b>FAILED TESTS</b></td></tr>
<tr><td><b>Test method</b></td>
<td width="30%"><b>Exception</b></td>
<td width="10%"><b>Time (seconds)</b></td>
<td><b>Instance</b></td>
</tr>
<tr>
<td title='Com_ActiTime_Test.InvalidLoginTest.InvalidLogin()'><b>InvalidLogin</b><br>Test class: Com_ActiTime_Test.InvalidLoginTest<br/>
<a href="#Output-1666022863" onClick='toggleBox("Output-1666022863", this, "Show output", "Hide output");'>Show output</a>

<a href="#Output-1666022863" onClick="toggleAllBoxes();">Show all outputs</a>
<div class='log' id="Output-1666022863">
Title is matching, Matching title actiTIME - Login<br/>
User Name = admin<br/>
Password = dmanager<br/>
Element is not-present......<br/>
</div>
</td>
<td><div><pre>java.lang.AssertionError: null
	at Com_ActiTime_Generic.BasePage.verifyElement(BasePage.java:44)
	at Com_ActiTime_Page.actiTIMELoginPage.errorMessage(actiTIMELoginPage.java:55)
	at Com_ActiTime_Test.InvalidLoginTest.InvalidLogin(InvalidLoginTest.java:34)
	at java.util.concurrent.FutureTask.run(Unknown Source)
	at java.util.concurrent.ThreadPoolExecutor.runWorker(Unknown Source)
	at java.util.concurrent.ThreadPoolExecutor$Worker.run(Unknown Source)
	at java.lang.Thread.run(Unknown Source)
... Removed 18 stack frames</pre></div><a href='#' onClick='toggleBox("stack-trace1666022863", this, "Click to show all stack frames", "Click to hide stack frames")'>Click to show all stack frames</a>
<div class='stack-trace' id='stack-trace1666022863'><pre>java.lang.AssertionError: null
	at org.testng.Assert.fail(Assert.java:96)
	at org.testng.Assert.fail(Assert.java:103)
	at Com_ActiTime_Generic.BasePage.verifyElement(BasePage.java:44)
	at Com_ActiTime_Page.actiTIMELoginPage.errorMessage(actiTIMELoginPage.java:55)
	at Com_ActiTime_Test.InvalidLoginTest.InvalidLogin(InvalidLoginTest.java:34)
	at sun.reflect.NativeMethodAccessorImpl.invoke0(Native Method)
	at sun.reflect.NativeMethodAccessorImpl.invoke(Unknown Source)
	at sun.reflect.DelegatingMethodAccessorImpl.invoke(Unknown Source)
	at java.lang.reflect.Method.invoke(Unknown Source)
	at org.testng.internal.MethodInvocationHelper.invokeMethod(MethodInvocationHelper.java:124)
	at org.testng.internal.Invoker.invokeMethod(Invoker.java:580)
	at org.testng.internal.Invoker.invokeTestMethod(Invoker.java:716)
	at org.testng.internal.Invoker.invokeTestMethods(Invoker.java:988)
	at org.testng.internal.TestMethodWorker.invokeTestMethods(TestMethodWorker.java:125)
	at org.testng.internal.TestMethodWorker.run(TestMethodWorker.java:109)
	at org.testng.TestRunner.privateRun(TestRunner.java:648)
	at org.testng.TestRunner.run(TestRunner.java:505)
	at org.testng.SuiteRunner.runTest(SuiteRunner.java:455)
	at org.testng.SuiteRunner.access$000(SuiteRunner.java:40)
	at org.testng.SuiteRunner$SuiteWorker.run(SuiteRunner.java:489)
	at org.testng.internal.thread.ThreadUtil$1.call(ThreadUtil.java:52)
	at java.util.concurrent.FutureTask.run(Unknown Source)
	at java.util.concurrent.ThreadPoolExecutor.runWorker(Unknown Source)
	at java.util.concurrent.ThreadPoolExecutor$Worker.run(Unknown Source)
	at java.lang.Thread.run(Unknown Source)
</pre></div></td>
<td>20</td>
<td>Com_ActiTime_Test.InvalidLoginTest@c818063</td></tr>
<tr>
<td title='Com_ActiTime_Test.ValidLoginLogoutTest.ValidLoginLogout()'><b>ValidLoginLogout</b><br>Test class: Com_ActiTime_Test.ValidLoginLogoutTest<br/>
<a href="#Output-828182755" onClick='toggleBox("Output-828182755", this, "Show output", "Hide output");'>Show output</a>

<a href="#Output-828182755" onClick="toggleAllBoxes();">Show all outputs</a>
<div class='log' id="Output-828182755">
Title is matching, Matching title actiTIME - Login<br/>
Title is not-matching<br/>
Actual title is actiTIME - Login<br/>
</div>
</td>
<td><div><pre>java.lang.AssertionError: null
	at Com_ActiTime_Generic.BasePage.verifyTitle(BasePage.java:30)
	at Com_ActiTime_Test.ValidLoginLogoutTest.ValidLoginLogout(ValidLoginLogoutTest.java:31)
	at java.util.concurrent.FutureTask.run(Unknown Source)
	at java.util.concurrent.ThreadPoolExecutor.runWorker(Unknown Source)
	at java.util.concurrent.ThreadPoolExecutor$Worker.run(Unknown Source)
	at java.lang.Thread.run(Unknown Source)
... Removed 18 stack frames</pre></div><a href='#' onClick='toggleBox("stack-trace828182755", this, "Click to show all stack frames", "Click to hide stack frames")'>Click to show all stack frames</a>
<div class='stack-trace' id='stack-trace828182755'><pre>java.lang.AssertionError: null
	at org.testng.Assert.fail(Assert.java:96)
	at org.testng.Assert.fail(Assert.java:103)
	at Com_ActiTime_Generic.BasePage.verifyTitle(BasePage.java:30)
	at Com_ActiTime_Test.ValidLoginLogoutTest.ValidLoginLogout(ValidLoginLogoutTest.java:31)
	at sun.reflect.NativeMethodAccessorImpl.invoke0(Native Method)
	at sun.reflect.NativeMethodAccessorImpl.invoke(Unknown Source)
	at sun.reflect.DelegatingMethodAccessorImpl.invoke(Unknown Source)
	at java.lang.reflect.Method.invoke(Unknown Source)
	at org.testng.internal.MethodInvocationHelper.invokeMethod(MethodInvocationHelper.java:124)
	at org.testng.internal.Invoker.invokeMethod(Invoker.java:580)
	at org.testng.internal.Invoker.invokeTestMethod(Invoker.java:716)
	at org.testng.internal.Invoker.invokeTestMethods(Invoker.java:988)
	at org.testng.internal.TestMethodWorker.invokeTestMethods(TestMethodWorker.java:125)
	at org.testng.internal.TestMethodWorker.run(TestMethodWorker.java:109)
	at org.testng.TestRunner.privateRun(TestRunner.java:648)
	at org.testng.TestRunner.run(TestRunner.java:505)
	at org.testng.SuiteRunner.runTest(SuiteRunner.java:455)
	at org.testng.SuiteRunner.access$000(SuiteRunner.java:40)
	at org.testng.SuiteRunner$SuiteWorker.run(SuiteRunner.java:489)
	at org.testng.internal.thread.ThreadUtil$1.call(ThreadUtil.java:52)
	at java.util.concurrent.FutureTask.run(Unknown Source)
	at java.util.concurrent.ThreadPoolExecutor.runWorker(Unknown Source)
	at java.util.concurrent.ThreadPoolExecutor$Worker.run(Unknown Source)
	at java.lang.Thread.run(Unknown Source)
</pre></div></td>
<td>11</td>
<td>Com_ActiTime_Test.ValidLoginLogoutTest@3f0ee7cb</td></tr>
<tr>
<td title='Com_ActiTime_Test.VerifyversionTest.Verifyversion()'><b>Verifyversion</b><br>Test class: Com_ActiTime_Test.VerifyversionTest<br/>
<a href="#Output-1496625170" onClick='toggleBox("Output-1496625170", this, "Show output", "Hide output");'>Show output</a>

<a href="#Output-1496625170" onClick="toggleAllBoxes();">Show all outputs</a>
<div class='log' id="Output-1496625170">
Title is matching, Matching title actiTIME - Login<br/>
Element is present......<br/>
Matching version actiTIME 2020 Online<br/>
</div>
</td>
<td><div><pre>java.lang.AssertionError: The following asserts failed:
	expected [actiTIME 2020 ] but found [actiTIME 2020 Online]
	at Com_ActiTime_Test.VerifyversionTest.Verifyversion(VerifyversionTest.java:26)
	at java.util.concurrent.FutureTask.run(Unknown Source)
	at java.util.concurrent.ThreadPoolExecutor.runWorker(Unknown Source)
	at java.util.concurrent.ThreadPoolExecutor$Worker.run(Unknown Source)
	at java.lang.Thread.run(Unknown Source)
... Removed 17 stack frames</pre></div><a href='#' onClick='toggleBox("stack-trace1496625170", this, "Click to show all stack frames", "Click to hide stack frames")'>Click to show all stack frames</a>
<div class='stack-trace' id='stack-trace1496625170'><pre>java.lang.AssertionError: The following asserts failed:
	expected [actiTIME 2020 ] but found [actiTIME 2020 Online]
	at org.testng.asserts.SoftAssert.assertAll(SoftAssert.java:43)
	at Com_ActiTime_Test.VerifyversionTest.Verifyversion(VerifyversionTest.java:26)
	at sun.reflect.NativeMethodAccessorImpl.invoke0(Native Method)
	at sun.reflect.NativeMethodAccessorImpl.invoke(Unknown Source)
	at sun.reflect.DelegatingMethodAccessorImpl.invoke(Unknown Source)
	at java.lang.reflect.Method.invoke(Unknown Source)
	at org.testng.internal.MethodInvocationHelper.invokeMethod(MethodInvocationHelper.java:124)
	at org.testng.internal.Invoker.invokeMethod(Invoker.java:580)
	at org.testng.internal.Invoker.invokeTestMethod(Invoker.java:716)
	at org.testng.internal.Invoker.invokeTestMethods(Invoker.java:988)
	at org.testng.internal.TestMethodWorker.invokeTestMethods(TestMethodWorker.java:125)
	at org.testng.internal.TestMethodWorker.run(TestMethodWorker.java:109)
	at org.testng.TestRunner.privateRun(TestRunner.java:648)
	at org.testng.TestRunner.run(TestRunner.java:505)
	at org.testng.SuiteRunner.runTest(SuiteRunner.java:455)
	at org.testng.SuiteRunner.access$000(SuiteRunner.java:40)
	at org.testng.SuiteRunner$SuiteWorker.run(SuiteRunner.java:489)
	at org.testng.internal.thread.ThreadUtil$1.call(ThreadUtil.java:52)
	at java.util.concurrent.FutureTask.run(Unknown Source)
	at java.util.concurrent.ThreadPoolExecutor.runWorker(Unknown Source)
	at java.util.concurrent.ThreadPoolExecutor$Worker.run(Unknown Source)
	at java.lang.Thread.run(Unknown Source)
</pre></div></td>
<td>0</td>
<td>Com_ActiTime_Test.VerifyversionTest@75bd9247</td></tr>
</table><p>
</body>
</html>