<?xml version="1.0" encoding="UTF-8"?>
<!-- Generated by org.testng.reporters.JUnitXMLReporter -->
<testsuite hostname="DESKTOP-280B4F5" ignored="0" name="Test(failed)" tests="2" failures="1" timestamp="05 Aug 2020 03:32:38 GMT" time="61.475" errors="0">
  <testcase name="InvalidLogin" time="17.661" classname="Com_ActiTime_Test.InvalidLoginTest"/>
  <testcase name="Verifyversion" time="0.67" classname="Com_ActiTime_Test.VerifyversionTest">
    <failure type="java.lang.AssertionError" message="The following asserts failed:
	expected [actiTIME 2020 ] but found [actiTIME 2020 Online]">
      <![CDATA[java.lang.AssertionError: The following asserts failed:
expected [actiTIME 2020 ] but found [actiTIME 2020 Online]
at Com_ActiTime_Test.VerifyversionTest.Verifyversion(VerifyversionTest.java:26)
... Removed 26 stack frames]]>
    </failure>
  </testcase> <!-- Verifyversion -->
</testsuite> <!-- Test(failed) -->
